[2026-02-10T13:21:25+00:00] Rollback point created: /home/clawd/.openclaw/workspace/.brainx/backups/migrations/rollback_20260210_132125.jsonl
[2026-02-10T13:21:25+00:00] Starting second-brain migration from: /home/clawd/.openclaw/workspace/second-brain/CORE
[2026-02-10T13:21:25+00:00] MIGRATED: README -> 
[2026-02-10T13:21:25+00:00] MIGRATED: 2026-02-09_20260209_183423 -> 
[2026-02-10T13:21:25+00:00] MIGRATED: README -> 
[2026-02-10T13:21:26+00:00] MIGRATED: 2026-02-09_20260209_184916 -> 
[2026-02-10T13:21:26+00:00] MIGRATED: 2026-02-09_20260209_180611 -> 
[2026-02-10T13:21:26+00:00] MIGRATED: 2026-02-09_20260209_181131 -> 
[2026-02-10T13:21:26+00:00] MIGRATED: README -> 
[2026-02-10T13:21:26+00:00] MIGRATED: 2026-02-09_20260209_183252 -> 
[2026-02-10T13:21:26+00:00] MIGRATED: README -> 
[2026-02-10T13:21:26+00:00] MIGRATED: README -> 
[2026-02-10T13:21:26+00:00] MIGRATED: README -> 
[2026-02-10T13:21:26+00:00] MIGRATED: README -> 
[2026-02-10T13:21:26+00:00] MIGRATED: 2026-02-09_20260209_183520 -> 
[2026-02-10T13:21:26+00:00] MIGRATED: README -> 
[2026-02-10T13:21:26+00:00] MIGRATED: README -> 
[2026-02-10T13:21:26+00:00] MIGRATED: README -> 
[2026-02-10T13:21:26+00:00] MIGRATED: README -> 
[2026-02-10T13:21:27+00:00] MIGRATED: 2026-02-09_20260209_184544 -> 
[2026-02-10T13:21:27+00:00] MIGRATED: README -> 
[2026-02-10T13:21:27+00:00] second-brain migration completed: 19/19 files
